[V29_PROVIDER_FIPS_ENTRY_68027101]
eax=0013f3e4 ebx=00000000 ecx=00000000 edx=00001000 esi=0013f6d8 edi=0013f3f8
eip=68027101 esp=0013f38c ebp=0013f3fc iopl=0         nv up ei pl nz na po nc
cs=001b  ss=0023  ds=0023  es=0023  fs=003b  gs=0000             efl=00000202
 # ChildEBP RetAddr      Args to Child
WARNING: Frame IP not in any known module. Following frames may be wrong.
00 0013f388 6800d6fb     68031958 0013f3e4 0013f3bc 0x68027101
01 0013f3fc 68011caa     00000000 00000000 0013f700 0x6800d6fb
02 0013f728 680120b7     00000000 00000001 77c2c3ce 0x68011caa
03 0013f764 68014eda     68000000 00000001 00000000 0x680120b7
04 0013f784 7c90118a     68000000 00000001 00000000 0x68014eda
05 0013f7a4 7c91c4da     68014e88 68000000 00000001 ntdll!LdrpCallInitRoutine+0x14
06 0013f8ac 7c916351     00000000 c0150008 00000000 ntdll!LdrpRunInitializeRoutines+0x344
07 0013fb58 7c9164b3     00000000 00154a78 0013fe4c ntdll!LdrpLoadDll+0x3e5
08 0013fe00 7c801bbd     00154a78 0013fe4c 0013fe2c ntdll!LdrLoadDll+0x230
09 0013fe68 7c801d72     7ffddc00 00000000 00000000 0x7c801bbd
0013f38c  6800d6fb 68031958 0013f3e4 0013f3bc
0013f39c  00000014 0013f714 6802f8cc 00000001
0013f3ac  0013f700 0013f6c4 0013f6c4 00000028
0013f3bc  44cecd02 f47c9cbc 850749c8 1830d05c
0013f3cc  87c64f4f fc1498bc 084ecd8f 70e0dc9c
0013f3dc  cd448bce ecb8f0f8 00000000 00000000
0013f3ec  00000000 00000000 00000000 0000de3a
0013f3fc  0013f728 68011caa 00000000 00000000
0013f40c  0013f700 0013f6c4 0013f6c4 00000028
0013f41c  00000001 68031998 00000000 68000000
0013f42c  46054e82 c458f834 8209890e 408494a8
0013f43c  83cc0a8d b884e410 08c28fc8 b064e8e0
0013f44c  414e0602 80a8bcc8 428280c7 c48044c8
0013f45c  0d094f43 c814a864 cd0545ca 5c505c5c
0013f46c  41cd020c 2ce03438 82430d8c a0c0cc00
0013f47c  82cc8d02 e00c8cb8 0786c680 94a83c80
0013f37c  68026401 000007c4 ffffffff 7c834e7c
0013f38c  6800d6fb 68031958 0013f3e4 0013f3bc
0013f39c  00000014 0013f714 6802f8cc 00000001
0013f3ac  0013f700 0013f6c4 0013f6c4 00000028
0013f3bc  44cecd02 f47c9cbc 850749c8 1830d05c
0013f3cc  87c64f4f fc1498bc 084ecd8f 70e0dc9c
0013f3dc  cd448bce ecb8f0f8 00000000 00000000
0013f3ec  00000000 00000000 00000000 0000de3a
0013f3fc  0013f728 68011caa 00000000 00000000
0013f40c  0013f700 0013f6c4 0013f6c4 00000028
0013f41c  00000001 68031998 00000000 68000000
0013f42c  46054e82 c458f834 8209890e 408494a8
0013f43c  83cc0a8d b884e410 08c28fc8 b064e8e0
0013f44c  414e0602 80a8bcc8 428280c7 c48044c8
0013f45c  0d094f43 c814a864 cd0545ca 5c505c5c
0013f46c  41cd020c 2ce03438 82430d8c a0c0cc00
0013f47c  82cc8d02 e00c8cb8 0786c680 94a83c80
0013f48c  8583cb09 eca45428 c74d8804 648cd450
0013f49c  8e80420f d09c2424 c8c38e09 b42cb880
0013f4ac  49c8840f 7ca00c88 c94a4ac3 ec68e04c
0013f4bc  cc8005ca 44585860 c7cd4309 2c18203c
0013f4cc  8ec5088f 3cf45420 89454c4c b8e48874
0013f4dc  c6c08c04 b4f89c88 07830200 883c2008
0013f4ec  87028f47 58dcacc0 0d8c4107 d8f4001c
0013f4fc  4e0d46cd 94f07854 4b40018e 64588034
0013f50c  c24508c7 00000000 00000150 000007c8
0013f51c  00000090 003b1160 0013f654 0013f5c4
0013f52c  00380000 00000010 00000000 000007c4
0013f53c  00000188 6000388e 575c3a43 4f444e49
0013f54c  735c5357 65747379 5c32336d 65617372
0013f55c  642e686e 68006c6c 00000000 00000008
0013f56c  00000000 00150640 00000000 00000000
state=68031958 aux=0013f3e4 out=0013f3bc len_or_flags=00000014 ret=6800d6fb
68031958  01 02 03 04 05 06 07 08-09 0a 0b 0c 0d 0e 0f 10  ................
68031968  11 12 13 14 00 00 00 00-00 00 00 00 00 00 00 00  ................
68031978  00 00 00 00 00 00 00 00-00 00 00 00 00 00 00 00  ................
68031988  00 00 00 00 00 00 00 00-00 00 00 00 00 00 00 00  ................
0013f3e4  00 00 00 00 00 00 00 00-00 00 00 00 00 00 00 00  ................
0013f3f4  00 00 00 00 3a de 00 00-28 f7 13 00 aa 1c 01 68  ....:...(......h
0013f3bc  02 cd ce 44 bc 9c 7c f4-c8 49 07 85 5c d0 30 18  ...D..|..I..\.0.
0013f3cc  4f 4f c6 87 bc 98 14 fc-8f cd 4e 08 9c dc e0 70  OO........N....p
0013f3dc  ce 8b 44 cd f8 f0 b8 ec-00 00 00 00 00 00 00 00  ..D.............
0013f3ec  00 00 00 00 00 00 00 00-00 00 00 00 3a de 00 00  ............:...
68031958  01 02 03 04 05 06 07 08-09 0a 0b 0c 0d 0e 0f 10  ................
68031968  11 12 13 14 00 00 00 00-00 00 00 00 00 00 00 00  ................
68031978  00 00 00 00 00 00 00 00-00 00 00 00 00 00 00 00  ................
68031988  00 00 00 00 00 00 00 00-00 00 00 00 00 00 00 00  ................
[V29_PROVIDER_FIPS_RETURN_6800D6FB]
eax=00130000 ebx=00000000 ecx=0000de3a edx=00000014 esi=0013f6d8 edi=0013f3f8
eip=6800d6fb esp=0013f3a0 ebp=0013f3fc iopl=0         nv up ei pl zr na pe nc
cs=001b  ss=0023  ds=0023  es=0023  fs=003b  gs=0000             efl=00000246
 # ChildEBP RetAddr      Args to Child
WARNING: Frame IP not in any known module. Following frames may be wrong.
00 0013f3fc 68011caa     00000000 00000000 0013f700 0x6800d6fb
01 0013f728 680120b7     00000000 00000001 77c2c3ce 0x68011caa
02 0013f764 68014eda     68000000 00000001 00000000 0x680120b7
03 0013f784 7c90118a     68000000 00000001 00000000 0x68014eda
04 0013f7a4 7c91c4da     68014e88 68000000 00000001 ntdll!LdrpCallInitRoutine+0x14
05 0013f8ac 7c916351     00000000 c0150008 00000000 ntdll!LdrpRunInitializeRoutines+0x344
06 0013fb58 7c9164b3     00000000 00154a78 0013fe4c ntdll!LdrpLoadDll+0x3e5
07 0013fe00 7c801bbd     00154a78 0013fe4c 0013fe2c ntdll!LdrLoadDll+0x230
08 0013fe68 7c801d72     7ffddc00 00000000 00000000 0x7c801bbd
09 0013fe7c 7c801da8     001546b0 00000000 00000000 0x7c801d72
0013f3a0  0013f714 6802f8cc 00000001 0013f700
0013f3b0  0013f6c4 0013f6c4 00000028 951ee80a
0013f3c0  507b39fc 0d4e9a8d 2c1acdfd 8672e424
0013f3d0  26e5da18 1fff1b43 6bc324d7 84cc3263
0013f3e0  4f7f9146 00000000 00000000 00000000
0013f3f0  00000000 00000000 0000de3a 0013f728
0013f400  68011caa 00000000 00000000 0013f700
0013f410  0013f6c4 0013f6c4 00000028 00000001
0013f420  68031998 00000000 68000000 46054e82
0013f430  c458f834 8209890e 408494a8 83cc0a8d
0013f440  b884e410 08c28fc8 b064e8e0 414e0602
0013f450  80a8bcc8 428280c7 c48044c8 0d094f43
0013f460  c814a864 cd0545ca 5c505c5c 41cd020c
0013f470  2ce03438 82430d8c a0c0cc00 82cc8d02
0013f480  e00c8cb8 0786c680 94a83c80 8583cb09
0013f490  eca45428 c74d8804 648cd450 8e80420f
0013f37c  00000000 00000000 0000de3a 0013f3fc
0013f38c  6800d6fb 68031958 0013f3e4 0013f3bc
0013f39c  00000014 0013f714 6802f8cc 00000001
0013f3ac  0013f700 0013f6c4 0013f6c4 00000028
0013f3bc  951ee80a 507b39fc 0d4e9a8d 2c1acdfd
0013f3cc  8672e424 26e5da18 1fff1b43 6bc324d7
0013f3dc  84cc3263 4f7f9146 00000000 00000000
0013f3ec  00000000 00000000 00000000 0000de3a
0013f3fc  0013f728 68011caa 00000000 00000000
0013f40c  0013f700 0013f6c4 0013f6c4 00000028
0013f41c  00000001 68031998 00000000 68000000
0013f42c  46054e82 c458f834 8209890e 408494a8
0013f43c  83cc0a8d b884e410 08c28fc8 b064e8e0
0013f44c  414e0602 80a8bcc8 428280c7 c48044c8
0013f45c  0d094f43 c814a864 cd0545ca 5c505c5c
0013f46c  41cd020c 2ce03438 82430d8c a0c0cc00
0013f47c  82cc8d02 e00c8cb8 0786c680 94a83c80
0013f48c  8583cb09 eca45428 c74d8804 648cd450
0013f49c  8e80420f d09c2424 c8c38e09 b42cb880
0013f4ac  49c8840f 7ca00c88 c94a4ac3 ec68e04c
0013f4bc  cc8005ca 44585860 c7cd4309 2c18203c
0013f4cc  8ec5088f 3cf45420 89454c4c b8e48874
0013f4dc  c6c08c04 b4f89c88 07830200 883c2008
0013f4ec  87028f47 58dcacc0 0d8c4107 d8f4001c
0013f4fc  4e0d46cd 94f07854 4b40018e 64588034
0013f50c  c24508c7 00000000 00000150 000007c8
0013f51c  00000090 003b1160 0013f654 0013f5c4
0013f52c  00380000 00000010 00000000 000007c4
0013f53c  00000188 6000388e 575c3a43 4f444e49
0013f54c  735c5357 65747379 5c32336d 65617372
0013f55c  642e686e 68006c6c 00000000 00000008
0013f56c  00000000 00150640 00000000 00000000
out=0013f3bc state=68031958 ret=68011caa
0013f3bc  0a e8 1e 95 fc 39 7b 50-8d 9a 4e 0d fd cd 1a 2c  .....9{P..N....,
0013f3cc  24 e4 72 86 18 da e5 26-43 1b ff 1f d7 24 c3 6b  $.r....&C....$.k
0013f3dc  63 32 cc 84 46 91 7f 4f-00 00 00 00 00 00 00 00  c2..F..O........
0013f3ec  00 00 00 00 00 00 00 00-00 00 00 00 3a de 00 00  ............:...
68031958  24 c5 06 c0 44 5b 81 78-6d c9 1c 85 6e 0d f5 c0  $...D[.xm...n...
68031968  7c 88 04 eb 00 00 00 00-00 00 00 00 00 00 00 00  |...............
68031978  00 00 00 00 00 00 00 00-00 00 00 00 00 00 00 00  ................
68031988  00 00 00 00 00 00 00 00-00 00 00 00 00 00 00 00  ................
[V29_INIT_CALL_680120CF_BEFORE_SUB_6800D640]
eax=0013f738 ebx=68000000 ecx=680266c6 edx=7c97b140 esi=00000000 edi=68031998
eip=680120cf esp=0013f714 ebp=0013f764 iopl=0         nv up ei pl zr na pe nc
cs=001b  ss=0023  ds=0023  es=0023  fs=003b  gs=0000             efl=00000246
001b:680120cf e86cb5ffff      call    6800d640
 # ChildEBP RetAddr      Args to Child
WARNING: Frame IP not in any known module. Following frames may be wrong.
00 0013f764 68014eda     68000000 00000001 00000000 0x680120cf
01 0013f784 7c90118a     68000000 00000001 00000000 0x68014eda
02 0013f7a4 7c91c4da     68014e88 68000000 00000001 ntdll!LdrpCallInitRoutine+0x14
03 0013f8ac 7c916351     00000000 c0150008 00000000 ntdll!LdrpRunInitializeRoutines+0x344
04 0013fb58 7c9164b3     00000000 00154a78 0013fe4c ntdll!LdrpLoadDll+0x3e5
05 0013fe00 7c801bbd     00154a78 0013fe4c 0013fe2c ntdll!LdrLoadDll+0x230
06 0013fe68 7c801d72     7ffddc00 00000000 00000000 0x7c801bbd
07 0013fe7c 7c801da8     001546b0 00000000 00000000 0x7c801d72
08 0013fe98 77de8810     001546b0 2968aae2 01dce1d5 0x7c801da8
09 0013ff54 00401055     0040d000 00000000 00000000 0x77de8810
0013f714  00000000 00000000 00000000 00000000
0013f724  0013f738 00000028 00000000 00000000
0013f734  00000001 77c2c3ce 77c2c3e7 00000080
0013f744  0013f750 77c39d7a 00000000 0013f764
0013f754  68014e32 6802f000 6802f008 0000de3a
0013f764  0013f784 68014eda 68000000 00000001
0013f774  00000000 00000001 0013f798 68014e88
0013f784  0013f7a4 7c90118a 68000000 00000001
0013f794  00000000 68014e88 00000001 00252248
0013f7a4  0013f8ac 7c91c4da 68014e88 68000000
0013f7b4  00000001 00000000 0013fe4c 0013fe2c
0013f7c4  00000000 00000000 68001000 0013f78c
0013f7d4  7c91c265 7ffdd000 00252248 7c91d008
0013f7e4  ffffffff 7c91cffe 7c91d2fb 00252388
0013f7f4  00252248 7ffdd000 00000000 00000001
0013f804  00252248 7ffde000 00252388 00000014
0013f814  00000001 00000000 00000000 00000010
0013f824  00000000 0013f840 0013f8a8 00000004
0013f834  00000000 00000004 002522e8 00252428
0013f844  00252388 00252248 00000000 00000014
0013f854  00000001 00000000 00000000 00000010
0013f864  6802ddc4 c000008a 68000000 68000000
0013f874  00000000 7ffde000 68014e88 00252248
0013f884  0013f84c 01000000 0013f83c 00000000
0013f6e4  00154e90 0013f728 68026678 680266c6
0013f6f4  68031998 00000000 68000000 00154e90
0013f704  00000000 00000000 00000000 0013f6f4
0013f714  00000000 00000000 00000000 00000000
0013f724  0013f738 00000028 00000000 00000000
0013f734  00000001 77c2c3ce 77c2c3e7 00000080
0013f744  0013f750 77c39d7a 00000000 0013f764
0013f754  68014e32 6802f000 6802f008 0000de3a
0013f764  0013f784 68014eda 68000000 00000001
0013f774  00000000 00000001 0013f798 68014e88
0013f784  0013f7a4 7c90118a 68000000 00000001
0013f794  00000000 68014e88 00000001 00252248
0013f7a4  0013f8ac 7c91c4da 68014e88 68000000
0013f7b4  00000001 00000000 0013fe4c 0013fe2c
0013f7c4  00000000 00000000 68001000 0013f78c
0013f7d4  7c91c265 7ffdd000 00252248 7c91d008
0013f7e4  ffffffff 7c91cffe 7c91d2fb 00252388
0013f7f4  00252248 7ffdd000 00000000 00000001
0013f804  00252248 7ffde000 00252388 00000014
0013f814  00000001 00000000 00000000 00000010
0013f824  00000000 0013f840 0013f8a8 00000004
0013f834  00000000 00000004 002522e8 00252428
0013f844  00252388 00252248 00000000 00000014
0013f854  00000001 00000000 00000000 00000010
0013f864  6802ddc4 c000008a 68000000 68000000
0013f874  00000000 7ffde000 68014e88 00252248
0013f884  0013f84c 01000000 0013f83c 00000000
0013f894  0013f7bc 0013fb48 0013fb48 7c90e900
0013f8a4  7c91c348 00000002 0013fb58 7c916351
0013f8b4  00000000 c0150008 00000000 00000000
0013f8c4  0013f91c 00252258 001410a0 0013f924
0013f8d4  0013f920 7ffdd000 00252398 0013f930
68031958  24 c5 06 c0 44 5b 81 78-6d c9 1c 85 6e 0d f5 c0  $...D[.xm...n...
68031968  7c 88 04 eb 00 00 00 00-00 00 00 00 00 00 00 00  |...............
68031978  00 00 00 00 00 00 00 00-0a e8 1e 95 fc 39 7b 50  .............9{P
68031988  8d 9a 4e 0d fd cd 1a 2c-24 e4 72 86 00 00 00 00  ..N....,$.r.....
[V29_PROVIDER_AUX_BEFORE_SYSTEMFUNCTION036_6800D693]
eax=00000028 ebx=00000000 ecx=680266c6 edx=7c97b140 esi=00000000 edi=00000014
eip=6800d693 esp=0013f6b0 ebp=0013f70c iopl=0         nv up ei pl nz na pe nc
cs=001b  ss=0023  ds=0023  es=0023  fs=003b  gs=0000             efl=00000206
 # ChildEBP RetAddr      Args to Child
WARNING: Frame IP not in any known module. Following frames may be wrong.
00 0013f70c 680120d4     00000000 00000000 00000000 0x6800d693
01 0013f764 68014eda     68000000 00000001 00000000 0x680120d4
02 0013f784 7c90118a     68000000 00000001 00000000 0x68014eda
03 0013f7a4 7c91c4da     68014e88 68000000 00000001 ntdll!LdrpCallInitRoutine+0x14
04 0013f8ac 7c916351     00000000 c0150008 00000000 ntdll!LdrpRunInitializeRoutines+0x344
05 0013fb58 7c9164b3     00000000 00154a78 0013fe4c ntdll!LdrpLoadDll+0x3e5
06 0013fe00 7c801bbd     00154a78 0013fe4c 0013fe2c ntdll!LdrLoadDll+0x230
07 0013fe68 7c801d72     7ffddc00 00000000 00000000 0x7c801bbd
08 0013fe7c 7c801da8     001546b0 00000000 00000000 0x7c801d72
09 0013fe98 77de8810     001546b0 2968aae2 01dce1d5 0x7c801da8
0013f6b0  68031998 00000000 68000000 00000000
0013f6c0  00000000 0013f738 00000028 0013f6dc
0013f6d0  7c91160c 00154e90 00000000 0013f6e8
0013f6e0  7c809f8f 00154e90 0013f728 68026678
0013f6f0  680266c6 68031998 00000000 68000000
0013f700  00154e90 00000000 0000de3a 0013f764
0013f710  680120d4 00000000 00000000 00000000
0013f720  00000000 0013f738 00000028 00000000
0013f730  00000000 00000001 77c2c3ce 77c2c3e7
0013f740  00000080 0013f750 77c39d7a 00000000
0013f750  0013f764 68014e32 6802f000 6802f008
0013f760  0000de3a 0013f784 68014eda 68000000
0013f770  00000001 00000000 00000001 0013f798
0013f780  68014e88 0013f7a4 7c90118a 68000000
0013f790  00000001 00000000 68014e88 00000001
0013f7a0  00252248 0013f8ac 7c91c4da 68014e88
0013f6cc  0013f6dc 7c91160c 00154e90 00000000
0013f6dc  0013f6e8 7c809f8f 00154e90 0013f728
0013f6ec  68026678 680266c6 68031998 00000000
0013f6fc  68000000 00154e90 00000000 0000de3a
0013f70c  0013f764 680120d4 00000000 00000000
0013f71c  00000000 00000000 0013f738 00000028
0013f72c  00000000 00000000 00000001 77c2c3ce
0013f73c  77c2c3e7 00000080 0013f750 77c39d7a
0013f74c  00000000 0013f764 68014e32 6802f000
0013f75c  6802f008 0000de3a 0013f784 68014eda
0013f76c  68000000 00000001 00000000 00000001
0013f77c  0013f798 68014e88 0013f7a4 7c90118a
0013f78c  68000000 00000001 00000000 68014e88
0013f79c  00000001 00252248 0013f8ac 7c91c4da
0013f7ac  68014e88 68000000 00000001 00000000
0013f7bc  0013fe4c 0013fe2c 00000000 00000000
aux_dst=0013f6f4 outbuf=0013f738 len=00000028 ret=680120d4
0013f6f4  98 19 03 68 00 00 00 00-00 00 00 68 90 4e 15 00  ...h.......h.N..
0013f704  00 00 00 00 3a de 00 00-64 f7 13 00 d4 20 01 68  ....:...d.... .h
0013f738  ce c3 c2 77 e7 c3 c2 77-80 00 00 00 50 f7 13 00  ...w...w....P...
0013f748  7a 9d c3 77 00 00 00 00-64 f7 13 00 32 4e 01 68  z..w....d...2N.h
68031958  24 c5 06 c0 44 5b 81 78-6d c9 1c 85 6e 0d f5 c0  $...D[.xm...n...
68031968  7c 88 04 eb 00 00 00 00-00 00 00 00 00 00 00 00  |...............
68031978  00 00 00 00 00 00 00 00-0a e8 1e 95 fc 39 7b 50  .............9{P
68031988  8d 9a 4e 0d fd cd 1a 2c-24 e4 72 86 00 00 00 00  ..N....,$.r.....
[V29_PROVIDER_AUX_AFTER_SYSTEMFUNCTION036_6800D69E]
eax=00000001 ebx=00000000 ecx=00003e9e edx=0015bd5c esi=00000000 edi=00000014
eip=6800d69e esp=0013f6b0 ebp=0013f70c iopl=0         nv up ei pl zr na pe nc
cs=001b  ss=0023  ds=0023  es=0023  fs=003b  gs=0000             efl=00000246
 # ChildEBP RetAddr      Args to Child
WARNING: Frame IP not in any known module. Following frames may be wrong.
00 0013f70c 680120d4     00000000 00000000 00000000 0x6800d69e
01 0013f764 68014eda     68000000 00000001 00000000 0x680120d4
02 0013f784 7c90118a     68000000 00000001 00000000 0x68014eda
03 0013f7a4 7c91c4da     68014e88 68000000 00000001 ntdll!LdrpCallInitRoutine+0x14
04 0013f8ac 7c916351     00000000 c0150008 00000000 ntdll!LdrpRunInitializeRoutines+0x344
05 0013fb58 7c9164b3     00000000 00154a78 0013fe4c ntdll!LdrpLoadDll+0x3e5
06 0013fe00 7c801bbd     00154a78 0013fe4c 0013fe2c ntdll!LdrLoadDll+0x230
07 0013fe68 7c801d72     7ffddc00 00000000 00000000 0x7c801bbd
08 0013fe7c 7c801da8     001546b0 00000000 00000000 0x7c801d72
09 0013fe98 77de8810     001546b0 2968aae2 01dce1d5 0x7c801da8
0013f6b0  68031998 00000000 68000000 00000000
0013f6c0  00000000 0013f738 00000028 0013f6dc
0013f6d0  7c91160c 00154e90 00000000 0013f6e8
0013f6e0  7c809f8f 00154e90 0013f728 68026678
0013f6f0  680266c6 bd098e27 da36cbf9 3c7fa056
0013f700  7460bf6c e6ac70de 0000de3a 0013f764
0013f710  680120d4 00000000 00000000 00000000
0013f720  00000000 0013f738 00000028 00000000
0013f730  00000000 00000001 77c2c3ce 77c2c3e7
0013f740  00000080 0013f750 77c39d7a 00000000
0013f750  0013f764 68014e32 6802f000 6802f008
0013f760  0000de3a 0013f784 68014eda 68000000
0013f770  00000001 00000000 00000001 0013f798
0013f780  68014e88 0013f7a4 7c90118a 68000000
0013f790  00000001 00000000 68014e88 00000001
0013f7a0  00252248 0013f8ac 7c91c4da 68014e88
0013f6cc  0013f6dc 7c91160c 00154e90 00000000
0013f6dc  0013f6e8 7c809f8f 00154e90 0013f728
0013f6ec  68026678 680266c6 bd098e27 da36cbf9
0013f6fc  3c7fa056 7460bf6c e6ac70de 0000de3a
0013f70c  0013f764 680120d4 00000000 00000000
0013f71c  00000000 00000000 0013f738 00000028
0013f72c  00000000 00000000 00000001 77c2c3ce
0013f73c  77c2c3e7 00000080 0013f750 77c39d7a
0013f74c  00000000 0013f764 68014e32 6802f000
0013f75c  6802f008 0000de3a 0013f784 68014eda
0013f76c  68000000 00000001 00000000 00000001
0013f77c  0013f798 68014e88 0013f7a4 7c90118a
0013f78c  68000000 00000001 00000000 68014e88
0013f79c  00000001 00252248 0013f8ac 7c91c4da
0013f7ac  68014e88 68000000 00000001 00000000
0013f7bc  0013fe4c 0013fe2c 00000000 00000000
aux_dst=0013f6f4 outbuf=0013f738 len=00000028 ret=680120d4
0013f6f4  27 8e 09 bd f9 cb 36 da-56 a0 7f 3c 6c bf 60 74  '.....6.V..<l.`t
0013f704  de 70 ac e6 3a de 00 00-64 f7 13 00 d4 20 01 68  .p..:...d.... .h
0013f738  ce c3 c2 77 e7 c3 c2 77-80 00 00 00 50 f7 13 00  ...w...w....P...
0013f748  7a 9d c3 77 00 00 00 00-64 f7 13 00 32 4e 01 68  z..w....d...2N.h
68031958  24 c5 06 c0 44 5b 81 78-6d c9 1c 85 6e 0d f5 c0  $...D[.xm...n...
68031968  7c 88 04 eb 00 00 00 00-00 00 00 00 00 00 00 00  |...............
68031978  00 00 00 00 00 00 00 00-0a e8 1e 95 fc 39 7b 50  .............9{P
68031988  8d 9a 4e 0d fd cd 1a 2c-24 e4 72 86 00 00 00 00  ..N....,$.r.....
[V29_PROVIDER_FIPS_ENTRY_68027101]
eax=0013f6f4 ebx=00000001 ecx=0000de3a edx=6803196c esi=00000044 edi=00000014
eip=68027101 esp=0013f69c ebp=0013f70c iopl=0         nv up ei pl nz na po nc
cs=001b  ss=0023  ds=0023  es=0023  fs=003b  gs=0000             efl=00000202
 # ChildEBP RetAddr      Args to Child
WARNING: Frame IP not in any known module. Following frames may be wrong.
00 0013f698 6800d6fb     68031958 0013f6f4 0013f6cc 0x68027101
01 0013f70c 680120d4     00000000 00000000 00000000 0x6800d6fb
02 0013f764 68014eda     68000000 00000001 00000000 0x680120d4
03 0013f784 7c90118a     68000000 00000001 00000000 0x68014eda
04 0013f7a4 7c91c4da     68014e88 68000000 00000001 ntdll!LdrpCallInitRoutine+0x14
05 0013f8ac 7c916351     00000000 c0150008 00000000 ntdll!LdrpRunInitializeRoutines+0x344
06 0013fb58 7c9164b3     00000000 00154a78 0013fe4c ntdll!LdrpLoadDll+0x3e5
07 0013fe00 7c801bbd     00154a78 0013fe4c 0013fe2c ntdll!LdrLoadDll+0x230
08 0013fe68 7c801d72     7ffddc00 00000000 00000000 0x7c801bbd
09 0013fe7c 7c801da8     001546b0 00000000 00000000 0x7c801d72
0013f69c  6800d6fb 68031958 0013f6f4 0013f6cc
0013f6ac  00000014 68031998 00000000 68000000
0013f6bc  00000000 00000000 0013f738 00000028
0013f6cc  0013f6dc 7c91160c 00154e90 00000000
0013f6dc  0013f6e8 7c809f8f 00154e90 0013f728
0013f6ec  68026678 680266c6 cacb4de9 adf4081e
0013f6fc  3c7fa0d6 7473483c 916feda4 0000de3a
0013f70c  0013f764 680120d4 00000000 00000000
0013f71c  00000000 00000000 0013f738 00000028
0013f72c  00000000 00000000 00000001 77c2c3ce
0013f73c  77c2c3e7 00000080 0013f750 77c39d7a
0013f74c  00000000 0013f764 68014e32 6802f000
0013f75c  6802f008 0000de3a 0013f784 68014eda
0013f76c  68000000 00000001 00000000 00000001
0013f77c  0013f798 68014e88 0013f7a4 7c90118a
0013f78c  68000000 00000001 00000000 68014e88
0013f68c  873b3340 e3b77d23 3a6fe861 9331b699
0013f69c  6800d6fb 68031958 0013f6f4 0013f6cc
0013f6ac  00000014 68031998 00000000 68000000
0013f6bc  00000000 00000000 0013f738 00000028
0013f6cc  0013f6dc 7c91160c 00154e90 00000000
0013f6dc  0013f6e8 7c809f8f 00154e90 0013f728
0013f6ec  68026678 680266c6 cacb4de9 adf4081e
0013f6fc  3c7fa0d6 7473483c 916feda4 0000de3a
0013f70c  0013f764 680120d4 00000000 00000000
0013f71c  00000000 00000000 0013f738 00000028
0013f72c  00000000 00000000 00000001 77c2c3ce
0013f73c  77c2c3e7 00000080 0013f750 77c39d7a
0013f74c  00000000 0013f764 68014e32 6802f000
0013f75c  6802f008 0000de3a 0013f784 68014eda
0013f76c  68000000 00000001 00000000 00000001
0013f77c  0013f798 68014e88 0013f7a4 7c90118a
0013f78c  68000000 00000001 00000000 68014e88
0013f79c  00000001 00252248 0013f8ac 7c91c4da
0013f7ac  68014e88 68000000 00000001 00000000
0013f7bc  0013fe4c 0013fe2c 00000000 00000000
0013f7cc  68001000 0013f78c 7c91c265 7ffdd000
0013f7dc  00252248 7c91d008 ffffffff 7c91cffe
0013f7ec  7c91d2fb 00252388 00252248 7ffdd000
0013f7fc  00000000 00000001 00252248 7ffde000
0013f80c  00252388 00000014 00000001 00000000
0013f81c  00000000 00000010 00000000 0013f840
0013f82c  0013f8a8 00000004 00000000 00000004
0013f83c  002522e8 00252428 00252388 00252248
0013f84c  00000000 00000014 00000001 00000000
0013f85c  00000000 00000010 6802ddc4 c000008a
0013f86c  68000000 68000000 00000000 7ffde000
0013f87c  68014e88 00252248 0013f84c 01000000
state=68031958 aux=0013f6f4 out=0013f6cc len_or_flags=00000014 ret=6800d6fb
68031958  24 c5 06 c0 44 5b 81 78-6d c9 1c 85 6e 0d f5 c0  $...D[.xm...n...
68031968  7c 88 04 eb 40 33 3b 87-23 7d b7 e3 61 e8 6f 3a  |...@3;.#}..a.o:
68031978  99 b6 31 93 b3 c5 a3 07-0a e8 1e 95 fc 39 7b 50  ..1..........9{P
68031988  8d 9a 4e 0d fd cd 1a 2c-24 e4 72 86 00 00 00 00  ..N....,$.r.....
0013f6f4  e9 4d cb ca 1e 08 f4 ad-d6 a0 7f 3c 3c 48 73 74  .M.........<<Hst
0013f704  a4 ed 6f 91 3a de 00 00-64 f7 13 00 d4 20 01 68  ..o.:...d.... .h
0013f6cc  dc f6 13 00 0c 16 91 7c-90 4e 15 00 00 00 00 00  .......|.N......
0013f6dc  e8 f6 13 00 8f 9f 80 7c-90 4e 15 00 28 f7 13 00  .......|.N..(...
0013f6ec  78 66 02 68 c6 66 02 68-e9 4d cb ca 1e 08 f4 ad  xf.h.f.h.M......
0013f6fc  d6 a0 7f 3c 3c 48 73 74-a4 ed 6f 91 3a de 00 00  ...<<Hst..o.:...
68031958  24 c5 06 c0 44 5b 81 78-6d c9 1c 85 6e 0d f5 c0  $...D[.xm...n...
68031968  7c 88 04 eb 40 33 3b 87-23 7d b7 e3 61 e8 6f 3a  |...@3;.#}..a.o:
68031978  99 b6 31 93 b3 c5 a3 07-0a e8 1e 95 fc 39 7b 50  ..1..........9{P
68031988  8d 9a 4e 0d fd cd 1a 2c-24 e4 72 86 00 00 00 00  ..N....,$.r.....
[V29_PROVIDER_FIPS_RETURN_6800D6FB]
eax=00130000 ebx=00000001 ecx=0000de3a edx=00000014 esi=00000044 edi=00000014
eip=6800d6fb esp=0013f6b0 ebp=0013f70c iopl=0         nv up ei pl zr na pe nc
cs=001b  ss=0023  ds=0023  es=0023  fs=003b  gs=0000             efl=00000246
 # ChildEBP RetAddr      Args to Child
WARNING: Frame IP not in any known module. Following frames may be wrong.
00 0013f70c 680120d4     00000000 00000000 00000000 0x6800d6fb
01 0013f764 68014eda     68000000 00000001 00000000 0x680120d4
02 0013f784 7c90118a     68000000 00000001 00000000 0x68014eda
03 0013f7a4 7c91c4da     68014e88 68000000 00000001 ntdll!LdrpCallInitRoutine+0x14
04 0013f8ac 7c916351     00000000 c0150008 00000000 ntdll!LdrpRunInitializeRoutines+0x344
05 0013fb58 7c9164b3     00000000 00154a78 0013fe4c ntdll!LdrpLoadDll+0x3e5
06 0013fe00 7c801bbd     00154a78 0013fe4c 0013fe2c ntdll!LdrLoadDll+0x230
07 0013fe68 7c801d72     7ffddc00 00000000 00000000 0x7c801bbd
08 0013fe7c 7c801da8     001546b0 00000000 00000000 0x7c801d72
09 0013fe98 77de8810     001546b0 2968aae2 01dce1d5 0x7c801da8
0013f6b0  68031998 00000000 68000000 00000000
0013f6c0  00000000 0013f738 00000028 dcc4fd03
0013f6d0  6b52a3e7 395448e0 b15518c7 2c38094f
0013f6e0  496a5923 1cac25d1 bd57792f cb47c60c
0013f6f0  abcd24b0 cacb4de9 adf4081e 3c7fa0d6
0013f700  7473483c 916feda4 0000de3a 0013f764
0013f710  680120d4 00000000 00000000 00000000
0013f720  00000000 0013f738 00000028 00000000
0013f730  00000000 00000001 77c2c3ce 77c2c3e7
0013f740  00000080 0013f750 77c39d7a 00000000
0013f750  0013f764 68014e32 6802f000 6802f008
0013f760  0000de3a 0013f784 68014eda 68000000
0013f770  00000001 00000000 00000001 0013f798
0013f780  68014e88 0013f7a4 7c90118a 68000000
0013f790  00000001 00000000 68014e88 00000001
0013f7a0  00252248 0013f8ac 7c91c4da 68014e88
0013f68c  00000000 00000000 0000de3a 0013f70c
0013f69c  6800d6fb 68031958 0013f6f4 0013f6cc
0013f6ac  00000014 68031998 00000000 68000000
0013f6bc  00000000 00000000 0013f738 00000028
0013f6cc  dcc4fd03 6b52a3e7 395448e0 b15518c7
0013f6dc  2c38094f 496a5923 1cac25d1 bd57792f
0013f6ec  cb47c60c abcd24b0 cacb4de9 adf4081e
0013f6fc  3c7fa0d6 7473483c 916feda4 0000de3a
0013f70c  0013f764 680120d4 00000000 00000000
0013f71c  00000000 00000000 0013f738 00000028
0013f72c  00000000 00000000 00000001 77c2c3ce
0013f73c  77c2c3e7 00000080 0013f750 77c39d7a
0013f74c  00000000 0013f764 68014e32 6802f000
0013f75c  6802f008 0000de3a 0013f784 68014eda
0013f76c  68000000 00000001 00000000 00000001
0013f77c  0013f798 68014e88 0013f7a4 7c90118a
0013f78c  68000000 00000001 00000000 68014e88
0013f79c  00000001 00252248 0013f8ac 7c91c4da
0013f7ac  68014e88 68000000 00000001 00000000
0013f7bc  0013fe4c 0013fe2c 00000000 00000000
0013f7cc  68001000 0013f78c 7c91c265 7ffdd000
0013f7dc  00252248 7c91d008 ffffffff 7c91cffe
0013f7ec  7c91d2fb 00252388 00252248 7ffdd000
0013f7fc  00000000 00000001 00252248 7ffde000
0013f80c  00252388 00000014 00000001 00000000
0013f81c  00000000 00000010 00000000 0013f840
0013f82c  0013f8a8 00000004 00000000 00000004
0013f83c  002522e8 00252428 00252388 00252248
0013f84c  00000000 00000014 00000001 00000000
0013f85c  00000000 00000010 6802ddc4 c000008a
0013f86c  68000000 68000000 00000000 7ffde000
0013f87c  68014e88 00252248 0013f84c 01000000
out=0013f6cc state=68031958 ret=680120d4
0013f6cc  03 fd c4 dc e7 a3 52 6b-e0 48 54 39 c7 18 55 b1  ......Rk.HT9..U.
0013f6dc  4f 09 38 2c 23 59 6a 49-d1 25 ac 1c 2f 79 57 bd  O.8,#YjI.%../yW.
0013f6ec  0c c6 47 cb b0 24 cd ab-e9 4d cb ca 1e 08 f4 ad  ..G..$...M......
0013f6fc  d6 a0 7f 3c 3c 48 73 74-a4 ed 6f 91 3a de 00 00  ...<<Hst..o.:...
68031958  4c 1c 35 e6 fd 24 80 00-7d 8a c8 7c 41 ec 93 3d  L.5..$..}..|A..=
68031968  7b b6 0a c4 40 33 3b 87-23 7d b7 e3 61 e8 6f 3a  {...@3;.#}..a.o:
68031978  99 b6 31 93 b3 c5 a3 07-0a e8 1e 95 fc 39 7b 50  ..1..........9{P
68031988  8d 9a 4e 0d fd cd 1a 2c-24 e4 72 86 00 00 00 00  ..N....,$.r.....
[V29_INIT_RETURN_680120D4_AFTER_SUB_6800D640]
eax=00000000 ebx=68000000 ecx=0000de3a edx=68031980 esi=00000000 edi=68031998
eip=680120d4 esp=0013f730 ebp=0013f764 iopl=0         nv up ei pl zr na pe nc
cs=001b  ss=0023  ds=0023  es=0023  fs=003b  gs=0000             efl=00000246
 # ChildEBP RetAddr      Args to Child
WARNING: Frame IP not in any known module. Following frames may be wrong.
00 0013f764 68014eda     68000000 00000001 00000000 0x680120d4
01 0013f784 7c90118a     68000000 00000001 00000000 0x68014eda
02 0013f7a4 7c91c4da     68014e88 68000000 00000001 ntdll!LdrpCallInitRoutine+0x14
03 0013f8ac 7c916351     00000000 c0150008 00000000 ntdll!LdrpRunInitializeRoutines+0x344
04 0013fb58 7c9164b3     00000000 00154a78 0013fe4c ntdll!LdrpLoadDll+0x3e5
05 0013fe00 7c801bbd     00154a78 0013fe4c 0013fe2c ntdll!LdrLoadDll+0x230
06 0013fe68 7c801d72     7ffddc00 00000000 00000000 0x7c801bbd
07 0013fe7c 7c801da8     001546b0 00000000 00000000 0x7c801d72
08 0013fe98 77de8810     001546b0 2968aae2 01dce1d5 0x7c801da8
09 0013ff54 00401055     0040d000 00000000 00000000 0x77de8810
0013f730  00000000 00000001 dcc4fd03 6b52a3e7
0013f740  395448e0 b15518c7 2c38094f 496a5923
0013f750  1cac25d1 bd57792f cb47c60c abcd24b0
0013f760  0000de3a 0013f784 68014eda 68000000
0013f770  00000001 00000000 00000001 0013f798
0013f780  68014e88 0013f7a4 7c90118a 68000000
0013f790  00000001 00000000 68014e88 00000001
0013f7a0  00252248 0013f8ac 7c91c4da 68014e88
0013f7b0  68000000 00000001 00000000 0013fe4c
0013f7c0  0013fe2c 00000000 00000000 68001000
0013f7d0  0013f78c 7c91c265 7ffdd000 00252248
0013f7e0  7c91d008 ffffffff 7c91cffe 7c91d2fb
0013f7f0  00252388 00252248 7ffdd000 00000000
0013f800  00000001 00252248 7ffde000 00252388
0013f810  00000014 00000001 00000000 00000000
0013f820  00000010 00000000 0013f840 0013f8a8
0013f830  00000004 00000000 00000004 002522e8
0013f840  00252428 00252388 00252248 00000000
0013f850  00000014 00000001 00000000 00000000
0013f860  00000010 6802ddc4 c000008a 68000000
0013f870  68000000 00000000 7ffde000 68014e88
0013f880  00252248 0013f84c 01000000 0013f83c
0013f890  00000000 0013f7bc 0013fb48 0013fb48
0013f8a0  7c90e900 7c91c348 00000002 0013fb58
0013f8b0  7c916351 00000000 c0150008 00000000
0013f8c0  00000000 0013f91c 00252258 001410a0
0013f8d0  0013f924 0013f920 7ffdd000 00252398
0013f8e0  0013f930 00251eac 0013f914 0013fe4c
0013f8f0  0013fa50 0013fe2c 00000018 7ffddc14
0013f900  00000000 0013fe48 00000000 7ffddc0e
0013f910  00154a78 02160014 0013f924 00000000
0013f920  00252248 00730072 00650061 0068006e
0013f6e4  1cac25d1 bd57792f cb47c60c abcd24b0
0013f6f4  cacb4de9 adf4081e 3c7fa0d6 7473483c
0013f704  916feda4 0000de3a 0013f764 680120d4
0013f714  00000000 00000000 00000000 00000000
0013f724  0013f738 00000028 00000000 00000000
0013f734  00000001 dcc4fd03 6b52a3e7 395448e0
0013f744  b15518c7 2c38094f 496a5923 1cac25d1
0013f754  bd57792f cb47c60c abcd24b0 0000de3a
0013f764  0013f784 68014eda 68000000 00000001
0013f774  00000000 00000001 0013f798 68014e88
0013f784  0013f7a4 7c90118a 68000000 00000001
0013f794  00000000 68014e88 00000001 00252248
0013f7a4  0013f8ac 7c91c4da 68014e88 68000000
0013f7b4  00000001 00000000 0013fe4c 0013fe2c
0013f7c4  00000000 00000000 68001000 0013f78c
0013f7d4  7c91c265 7ffdd000 00252248 7c91d008
0013f7e4  ffffffff 7c91cffe 7c91d2fb 00252388
0013f7f4  00252248 7ffdd000 00000000 00000001
0013f804  00252248 7ffde000 00252388 00000014
0013f814  00000001 00000000 00000000 00000010
0013f824  00000000 0013f840 0013f8a8 00000004
0013f834  00000000 00000004 002522e8 00252428
0013f844  00252388 00252248 00000000 00000014
0013f854  00000001 00000000 00000000 00000010
0013f864  6802ddc4 c000008a 68000000 68000000
0013f874  00000000 7ffde000 68014e88 00252248
0013f884  0013f84c 01000000 0013f83c 00000000
0013f894  0013f7bc 0013fb48 0013fb48 7c90e900
0013f8a4  7c91c348 00000002 0013fb58 7c916351
0013f8b4  00000000 c0150008 00000000 00000000
0013f8c4  0013f91c 00252258 001410a0 0013f924
0013f8d4  0013f920 7ffdd000 00252398 0013f930
68031958  4c 1c 35 e6 fd 24 80 00-7d 8a c8 7c 41 ec 93 3d  L.5..$..}..|A..=
68031968  7b b6 0a c4 40 33 3b 87-23 7d b7 e3 61 e8 6f 3a  {...@3;.#}..a.o:
68031978  99 b6 31 93 b3 c5 a3 07-03 fd c4 dc e7 a3 52 6b  ..1...........Rk
68031988  e0 48 54 39 c7 18 55 b1-4f 09 38 2c 00 00 00 00  .HT9..U.O.8,....
[V29_PROVIDER_AUX_BEFORE_SYSTEMFUNCTION036_6800D693]
eax=0000000a ebx=00000000 ecx=7c9101bb edx=00000014 esi=00000000 edi=0000000a
eip=6800d693 esp=0013fd94 ebp=0013fdf0 iopl=0         nv up ei ng nz na pe cy
cs=001b  ss=0023  ds=0023  es=0023  fs=003b  gs=0000             efl=00000287
 # ChildEBP RetAddr      Args to Child
WARNING: Frame IP not in any known module. Following frames may be wrong.
00 0013fdf0 6800d766     00154ad0 00154ab0 00000000 0x6800d693
01 0013fe14 6800fac7     00154bdc 00154ad0 00154ab0 0x6800d766
02 0013fe68 6800fb7a     00000000 f0000000 0013fea0 0x6800fac7
03 0013fe8c 77de7c8f     0013fee8 00000000 f0000000 0x6800fb7a
04 0013ff54 00401055     0040d000 00000000 00000000 0x77de7c8f
05 0013ff78 0040178e     00000001 00033368 00033398 0x401055
06 0013ffc0 7c817067     2968aae2 01dce1d5 7ffde000 0x40178e
07 0013fff0 00000000     004017e5 00000000 78746341 0x7c817067
0013fd94  f0000000 00154ad0 00154a78 00000000
0013fda4  00000000 0013fe58 0000000a 00154c10
0013fdb4  0013fd08 00154e88 0013ff44 7c90e900
0013fdc4  7c9115e0 00000000 001546a0 7c97b140
0013fdd4  00154a78 00000010 00000000 00154668
0013fde4  0013fbdc 00000008 0000de3a 0013fe14
0013fdf4  6800d766 00154ad0 00154ab0 00000000
0013fe04  00000000 0013fe58 0000000a 00000000
0013fe14  0013fe68 6800fac7 00154bdc 00154ad0
0013fe24  00154ab0 0013fe58 0000000a 0013fed0
0013fe34  00000001 0015aee0 0013fea0 0013ff44
0013fe44  0013fee8 7c917df0 00154570 f0000000
0013fe54  00000000 68000000 0013fe8c 00000000
0013fe64  0000de3a 0013fe8c 6800fb7a 00000000
0013fe74  f0000000 0013fea0 0013fee8 00000001
0013fe84  00154570 0040d000 0013ff54 77de7c8f
0013fdb0  00154c10 0013fd08 00154e88 0013ff44
0013fdc0  7c90e900 7c9115e0 00000000 001546a0
0013fdd0  7c97b140 00154a78 00000010 00000000
0013fde0  00154668 0013fbdc 00000008 0000de3a
0013fdf0  0013fe14 6800d766 00154ad0 00154ab0
0013fe00  00000000 00000000 0013fe58 0000000a
0013fe10  00000000 0013fe68 6800fac7 00154bdc
0013fe20  00154ad0 00154ab0 0013fe58 0000000a
0013fe30  0013fed0 00000001 0015aee0 0013fea0
0013fe40  0013ff44 0013fee8 7c917df0 00154570
0013fe50  f0000000 00000000 68000000 0013fe8c
0013fe60  00000000 0000de3a 0013fe8c 6800fb7a
0013fe70  00000000 f0000000 0013fea0 0013fee8
0013fe80  00000001 00154570 0040d000 0013ff54
0013fe90  77de7c8f 0013fee8 00000000 f0000000
0013fea0  0013feb4 2968aae2 01dce1d5 7ffde000
aux_dst=0013fdd8 outbuf=0013fe58 len=0000000a ret=6800d766
0013fdd8  10 00 00 00 00 00 00 00-68 46 15 00 dc fb 13 00  ........hF......
0013fde8  08 00 00 00 3a de 00 00-14 fe 13 00 66 d7 00 68  ....:.......f..h
0013fe58  00 00 00 68 8c fe 13 00-00 00 00 00 3a de 00 00  ...h........:...
0013fe68  8c fe 13 00 7a fb 00 68-00 00 00 00 00 00 00 f0  ....z..h........
68031958  4c 1c 35 e6 fd 24 80 00-7d 8a c8 7c 41 ec 93 3d  L.5..$..}..|A..=
68031968  7b b6 0a c4 40 33 3b 87-23 7d b7 e3 61 e8 6f 3a  {...@3;.#}..a.o:
68031978  99 b6 31 93 b3 c5 a3 07-03 fd c4 dc e7 a3 52 6b  ..1...........Rk
68031988  e0 48 54 39 c7 18 55 b1-4f 09 38 2c 00 00 00 00  .HT9..U.O.8,....
[V29_PROVIDER_AUX_AFTER_SYSTEMFUNCTION036_6800D69E]
eax=00000001 ebx=00000000 ecx=00003e9e edx=0015bd5c esi=00000000 edi=0000000a
eip=6800d69e esp=0013fd94 ebp=0013fdf0 iopl=0         nv up ei pl zr na pe nc
cs=001b  ss=0023  ds=0023  es=0023  fs=003b  gs=0000             efl=00000246
 # ChildEBP RetAddr      Args to Child
WARNING: Frame IP not in any known module. Following frames may be wrong.
00 0013fdf0 6800d766     00154ad0 00154ab0 00000000 0x6800d69e
01 0013fe14 6800fac7     00154bdc 00154ad0 00154ab0 0x6800d766
02 0013fe68 6800fb7a     00000000 f0000000 0013fea0 0x6800fac7
03 0013fe8c 77de7c8f     0013fee8 00000000 f0000000 0x6800fb7a
04 0013ff54 00401055     0040d000 00000000 00000000 0x77de7c8f
05 0013ff78 0040178e     00000001 00033368 00033398 0x401055
06 0013ffc0 7c817067     2968aae2 01dce1d5 7ffde000 0x40178e
07 0013fff0 00000000     004017e5 00000000 78746341 0x7c817067
0013fd94  f0000000 00154ad0 00154a78 00000000
0013fda4  00000000 0013fe58 0000000a 00154c10
0013fdb4  0013fd08 00154e88 0013ff44 7c90e900
0013fdc4  7c9115e0 00000000 001546a0 7c97b140
0013fdd4  00154a78 f4b81c3d dfe5bc0c 72411d6c
0013fde4  52c979ba 62b85cbb 0000de3a 0013fe14
0013fdf4  6800d766 00154ad0 00154ab0 00000000
0013fe04  00000000 0013fe58 0000000a 00000000
0013fe14  0013fe68 6800fac7 00154bdc 00154ad0
0013fe24  00154ab0 0013fe58 0000000a 0013fed0
0013fe34  00000001 0015aee0 0013fea0 0013ff44
0013fe44  0013fee8 7c917df0 00154570 f0000000
0013fe54  00000000 68000000 0013fe8c 00000000
0013fe64  0000de3a 0013fe8c 6800fb7a 00000000
0013fe74  f0000000 0013fea0 0013fee8 00000001
0013fe84  00154570 0040d000 0013ff54 77de7c8f
0013fdb0  00154c10 0013fd08 00154e88 0013ff44
0013fdc0  7c90e900 7c9115e0 00000000 001546a0
0013fdd0  7c97b140 00154a78 f4b81c3d dfe5bc0c
0013fde0  72411d6c 52c979ba 62b85cbb 0000de3a
0013fdf0  0013fe14 6800d766 00154ad0 00154ab0
0013fe00  00000000 00000000 0013fe58 0000000a
0013fe10  00000000 0013fe68 6800fac7 00154bdc
0013fe20  00154ad0 00154ab0 0013fe58 0000000a
0013fe30  0013fed0 00000001 0015aee0 0013fea0
0013fe40  0013ff44 0013fee8 7c917df0 00154570
0013fe50  f0000000 00000000 68000000 0013fe8c
0013fe60  00000000 0000de3a 0013fe8c 6800fb7a
0013fe70  00000000 f0000000 0013fea0 0013fee8
0013fe80  00000001 00154570 0040d000 0013ff54
0013fe90  77de7c8f 0013fee8 00000000 f0000000
0013fea0  0013feb4 2968aae2 01dce1d5 7ffde000
aux_dst=0013fdd8 outbuf=0013fe58 len=0000000a ret=6800d766
0013fdd8  3d 1c b8 f4 0c bc e5 df-6c 1d 41 72 ba 79 c9 52  =.......l.Ar.y.R
0013fde8  bb 5c b8 62 3a de 00 00-14 fe 13 00 66 d7 00 68  .\.b:.......f..h
0013fe58  00 00 00 68 8c fe 13 00-00 00 00 00 3a de 00 00  ...h........:...
0013fe68  8c fe 13 00 7a fb 00 68-00 00 00 00 00 00 00 f0  ....z..h........
68031958  4c 1c 35 e6 fd 24 80 00-7d 8a c8 7c 41 ec 93 3d  L.5..$..}..|A..=
68031968  7b b6 0a c4 40 33 3b 87-23 7d b7 e3 61 e8 6f 3a  {...@3;.#}..a.o:
68031978  99 b6 31 93 b3 c5 a3 07-03 fd c4 dc e7 a3 52 6b  ..1...........Rk
68031988  e0 48 54 39 c7 18 55 b1-4f 09 38 2c 00 00 00 00  .HT9..U.O.8,....
[V29_PROVIDER_FIPS_ENTRY_68027101]
eax=0013fdd8 ebx=00000001 ecx=0000de3a edx=6803196c esi=00000080 edi=0000000a
eip=68027101 esp=0013fd80 ebp=0013fdf0 iopl=0         nv up ei pl nz na po nc
cs=001b  ss=0023  ds=0023  es=0023  fs=003b  gs=0000             efl=00000202
 # ChildEBP RetAddr      Args to Child
WARNING: Frame IP not in any known module. Following frames may be wrong.
00 0013fd7c 6800d6fb     68031958 0013fdd8 0013fdb0 0x68027101
01 0013fdf0 6800d766     00154ad0 00154ab0 00000000 0x6800d6fb
02 0013fe14 6800fac7     00154bdc 00154ad0 00154ab0 0x6800d766
03 0013fe68 6800fb7a     00000000 f0000000 0013fea0 0x6800fac7
04 0013fe8c 77de7c8f     0013fee8 00000000 f0000000 0x6800fb7a
05 0013ff54 00401055     0040d000 00000000 00000000 0x77de7c8f
06 0013ff78 0040178e     00000001 00033368 00033398 0x401055
07 0013ffc0 7c817067     2968aae2 01dce1d5 7ffde000 0x40178e
08 0013fff0 00000000     004017e5 00000000 78746341 0x7c817067
0013fd80  6800d6fb 68031958 0013fdd8 0013fdb0
0013fd90  00000014 f0000000 00154ad0 00154a78
0013fda0  00000000 00000000 0013fe58 0000000a
0013fdb0  00154c10 0013fd08 00154e88 0013ff44
0013fdc0  7c90e900 7c9115e0 00000000 001546a0
0013fdd0  7c97b140 00154a78 9cb81c3d dff64280
0013fde0  72411d6c 52c979ba 62b85cbb 0000de3a
0013fdf0  0013fe14 6800d766 00154ad0 00154ab0
0013fe00  00000000 00000000 0013fe58 0000000a
0013fe10  00000000 0013fe68 6800fac7 00154bdc
0013fe20  00154ad0 00154ab0 0013fe58 0000000a
0013fe30  0013fed0 00000001 0015aee0 0013fea0
0013fe40  0013ff44 0013fee8 7c917df0 00154570
0013fe50  f0000000 00000000 68000000 0013fe8c
0013fe60  00000000 0000de3a 0013fe8c 6800fb7a
0013fe70  00000000 f0000000 0013fea0 0013fee8
0013fd70  3881fdf3 48f8aef9 37ed91ed 9725a184
0013fd80  6800d6fb 68031958 0013fdd8 0013fdb0
0013fd90  00000014 f0000000 00154ad0 00154a78
0013fda0  00000000 00000000 0013fe58 0000000a
0013fdb0  00154c10 0013fd08 00154e88 0013ff44
0013fdc0  7c90e900 7c9115e0 00000000 001546a0
0013fdd0  7c97b140 00154a78 9cb81c3d dff64280
0013fde0  72411d6c 52c979ba 62b85cbb 0000de3a
0013fdf0  0013fe14 6800d766 00154ad0 00154ab0
0013fe00  00000000 00000000 0013fe58 0000000a
0013fe10  00000000 0013fe68 6800fac7 00154bdc
0013fe20  00154ad0 00154ab0 0013fe58 0000000a
0013fe30  0013fed0 00000001 0015aee0 0013fea0
0013fe40  0013ff44 0013fee8 7c917df0 00154570
0013fe50  f0000000 00000000 68000000 0013fe8c
0013fe60  00000000 0000de3a 0013fe8c 6800fb7a
0013fe70  00000000 f0000000 0013fea0 0013fee8
0013fe80  00000001 00154570 0040d000 0013ff54
0013fe90  77de7c8f 0013fee8 00000000 f0000000
0013fea0  0013feb4 2968aae2 01dce1d5 7ffde000
0013feb0  00000080 00000003 77e1173a 77e1178c
0013fec0  00000001 00000000 00000000 00154570
0013fed0  00000000 00000000 00000001 00000000
0013fee0  00000001 0040d000 e34f518c 00000000
0013fef0  68000000 00000000 000007d8 00000000
0013ff00  0015aee0 00154570 0000000b 00000001
0013ff10  00000002 00000000 0015af48 00000000
0013ff20  000007d8 0000000b 001546b0 30303030
0013ff30  31303030 00401300 00003e9e 0013fea4
0013ff40  01dce1d5 0013ffb0 77df1758 77de7bd8
0013ff50  00000000 0013ff78 00401055 0040d000
0013ff60  00000000 00000000 00000001 f0000000
state=68031958 aux=0013fdd8 out=0013fdb0 len_or_flags=00000014 ret=6800d6fb
68031958  4c 1c 35 e6 fd 24 80 00-7d 8a c8 7c 41 ec 93 3d  L.5..$..}..|A..=
68031968  7b b6 0a c4 f3 fd 81 38-f9 ae f8 48 ed 91 ed 37  {......8...H...7
68031978  84 a1 25 97 43 cf d2 07-03 fd c4 dc e7 a3 52 6b  ..%.C.........Rk
68031988  e0 48 54 39 c7 18 55 b1-4f 09 38 2c 00 00 00 00  .HT9..U.O.8,....
0013fdd8  3d 1c b8 9c 80 42 f6 df-6c 1d 41 72 ba 79 c9 52  =....B..l.Ar.y.R
0013fde8  bb 5c b8 62 3a de 00 00-14 fe 13 00 66 d7 00 68  .\.b:.......f..h
0013fdb0  10 4c 15 00 08 fd 13 00-88 4e 15 00 44 ff 13 00  .L.......N..D...
0013fdc0  00 e9 90 7c e0 15 91 7c-00 00 00 00 a0 46 15 00  ...|...|.....F..
0013fdd0  40 b1 97 7c 78 4a 15 00-3d 1c b8 9c 80 42 f6 df  @..|xJ..=....B..
0013fde0  6c 1d 41 72 ba 79 c9 52-bb 5c b8 62 3a de 00 00  l.Ar.y.R.\.b:...
68031958  4c 1c 35 e6 fd 24 80 00-7d 8a c8 7c 41 ec 93 3d  L.5..$..}..|A..=
68031968  7b b6 0a c4 f3 fd 81 38-f9 ae f8 48 ed 91 ed 37  {......8...H...7
68031978  84 a1 25 97 43 cf d2 07-03 fd c4 dc e7 a3 52 6b  ..%.C.........Rk
68031988  e0 48 54 39 c7 18 55 b1-4f 09 38 2c 00 00 00 00  .HT9..U.O.8,....
[V29_PROVIDER_FIPS_RETURN_6800D6FB]
eax=00130001 ebx=00000001 ecx=0000de3a edx=00000014 esi=00000080 edi=0000000a
eip=6800d6fb esp=0013fd94 ebp=0013fdf0 iopl=0         nv up ei pl zr na pe nc
cs=001b  ss=0023  ds=0023  es=0023  fs=003b  gs=0000             efl=00000246
 # ChildEBP RetAddr      Args to Child
WARNING: Frame IP not in any known module. Following frames may be wrong.
00 0013fdf0 6800d766     00154ad0 00154ab0 00000000 0x6800d6fb
01 0013fe14 6800fac7     00154bdc 00154ad0 00154ab0 0x6800d766
02 0013fe68 6800fb7a     00000000 f0000000 0013fea0 0x6800fac7
03 0013fe8c 77de7c8f     0013fee8 00000000 f0000000 0x6800fb7a
04 0013ff54 00401055     0040d000 00000000 00000000 0x77de7c8f
05 0013ff78 0040178e     00000001 00033368 00033398 0x401055
06 0013ffc0 7c817067     2968aae2 01dce1d5 7ffde000 0x40178e
07 0013fff0 00000000     004017e5 00000000 78746341 0x7c817067
0013fd94  f0000000 00154ad0 00154a78 00000000
0013fda4  00000000 0013fe58 0000000a e5139d5a
0013fdb4  59f9a7ee ab860d0d e8a7acc8 be4052ca
0013fdc4  174a61c1 9c46375e 41611827 2d5e6c90
0013fdd4  e1a6e004 9cb81c3d dff64280 72411d6c
0013fde4  52c979ba 62b85cbb 0000de3a 0013fe14
0013fdf4  6800d766 00154ad0 00154ab0 00000000
0013fe04  00000000 0013fe58 0000000a 00000000
0013fe14  0013fe68 6800fac7 00154bdc 00154ad0
0013fe24  00154ab0 0013fe58 0000000a 0013fed0
0013fe34  00000001 0015aee0 0013fea0 0013ff44
0013fe44  0013fee8 7c917df0 00154570 f0000000
0013fe54  00000000 68000000 0013fe8c 00000000
0013fe64  0000de3a 0013fe8c 6800fb7a 00000000
0013fe74  f0000000 0013fea0 0013fee8 00000001
0013fe84  00154570 0040d000 0013ff54 77de7c8f
0013fd70  00000000 00000000 0000de3a 0013fdf0
0013fd80  6800d6fb 68031958 0013fdd8 0013fdb0
0013fd90  00000014 f0000000 00154ad0 00154a78
0013fda0  00000000 00000000 0013fe58 0000000a
0013fdb0  e5139d5a 59f9a7ee ab860d0d e8a7acc8
0013fdc0  be4052ca 174a61c1 9c46375e 41611827
0013fdd0  2d5e6c90 e1a6e004 9cb81c3d dff64280
0013fde0  72411d6c 52c979ba 62b85cbb 0000de3a
0013fdf0  0013fe14 6800d766 00154ad0 00154ab0
0013fe00  00000000 00000000 0013fe58 0000000a
0013fe10  00000000 0013fe68 6800fac7 00154bdc
0013fe20  00154ad0 00154ab0 0013fe58 0000000a
0013fe30  0013fed0 00000001 0015aee0 0013fea0
0013fe40  0013ff44 0013fee8 7c917df0 00154570
0013fe50  f0000000 00000000 68000000 0013fe8c
0013fe60  00000000 0000de3a 0013fe8c 6800fb7a
0013fe70  00000000 f0000000 0013fea0 0013fee8
0013fe80  00000001 00154570 0040d000 0013ff54
0013fe90  77de7c8f 0013fee8 00000000 f0000000
0013fea0  0013feb4 2968aae2 01dce1d5 7ffde000
0013feb0  00000080 00000003 77e1173a 77e1178c
0013fec0  00000001 00000000 00000000 00154570
0013fed0  00000000 00000000 00000001 00000000
0013fee0  00000001 0040d000 e34f518c 00000000
0013fef0  68000000 00000000 000007d8 00000000
0013ff00  0015aee0 00154570 0000000b 00000001
0013ff10  00000002 00000000 0015af48 00000000
0013ff20  000007d8 0000000b 001546b0 30303030
0013ff30  31303030 00401300 00003e9e 0013fea4
0013ff40  01dce1d5 0013ffb0 77df1758 77de7bd8
0013ff50  00000000 0013ff78 00401055 0040d000
0013ff60  00000000 00000000 00000001 f0000000
out=0013fdb0 state=68031958 ret=6800d766
0013fdb0  5a 9d 13 e5 ee a7 f9 59-0d 0d 86 ab c8 ac a7 e8  Z......Y........
0013fdc0  ca 52 40 be c1 61 4a 17-5e 37 46 9c 27 18 61 41  .R@..aJ.^7F.'.aA
0013fdd0  90 6c 5e 2d 04 e0 a6 e1-3d 1c b8 9c 80 42 f6 df  .l^-....=....B..
0013fde0  6c 1d 41 72 ba 79 c9 52-bb 5c b8 62 3a de 00 00  l.Ar.y.R.\.b:...
68031958  68 1a 93 e4 4a 03 bf f5-b1 b0 b0 69 9b 05 99 53  h...J......i...S
68031968  4a e8 f2 65 f3 fd 81 38-f9 ae f8 48 ed 91 ed 37  J..e...8...H...7
68031978  84 a1 25 97 43 cf d2 07-03 fd c4 dc e7 a3 52 6b  ..%.C.........Rk
68031988  e0 48 54 39 c7 18 55 b1-4f 09 38 2c 00 00 00 00  .HT9..U.O.8,....
[V29_PHASE1_DEBUGBREAK_BEFORE_MEASURED_OK]
eax=00000000 ebx=00000000 ecx=0040135d edx=0040d138 esi=01dce1d5 edi=2968aae2
eip=00401187 esp=0013ff60 ebp=0013ff64 iopl=0         nv up ei pl nz ac po nc
cs=001b  ss=0023  ds=0023  es=0023  fs=003b  gs=0000             efl=00000212
68031958  68 1a 93 e4 4a 03 bf f5-b1 b0 b0 69 9b 05 99 53  h...J......i...S
68031968  4a e8 f2 65 f3 fd 81 38-f9 ae f8 48 ed 91 ed 37  J..e...8...H...7
68031978  84 a1 25 97 43 cf d2 07-5a 9d 13 e5 ee a7 f9 59  ..%.C...Z......Y
68031988  0d 0d 86 ab c8 ac a7 e8-ca 52 40 be 00 00 00 00  .........R@.....
[V29_RUNTIME_CALL_6800D7D5_BEFORE_SUB_6800D640]
eax=00154ad0 ebx=7ffde000 ecx=00154ab0 edx=0040d138 esi=0015aee0 edi=00000000
eip=6800d7d5 esp=0013fefc ebp=0013ff18 iopl=0         nv up ei pl nz ac po nc
cs=001b  ss=0023  ds=0023  es=0023  fs=003b  gs=0000             efl=00000212
001b:6800d7d5 e866feffff      call    6800d640
 # ChildEBP RetAddr      Args to Child
WARNING: Frame IP not in any known module. Following frames may be wrong.
00 0013ff18 77dfb401     e34f518c 00000020 0040cfe0 0x6800d7d5
01 0013ff5c 004010b7     0015aee0 00000020 0040cfe0 0x77dfb401
02 0013ff78 0040178e     00000001 00033368 00033398 0x4010b7
03 0013ffc0 7c817067     2968aae2 01dce1d5 7ffde000 0x40178e
04 0013fff0 00000000     004017e5 00000000 78746341 0x7c817067
0013fefc  00154ad0 00154ab0 00000000 00000000
0013ff0c  0040cfe0 00000020 00000000 0013ff5c
0013ff1c  77dfb401 e34f518c 00000020 0040cfe0
0013ff2c  2968aae2 01dce1d5 7ffde000 00000000
0013ff3c  0015aee0 00000001 0013ff2c 00000000
0013ff4c  0013ffb0 77df1758 77dfb420 00000000
0013ff5c  0013ff78 004010b7 0015aee0 00000020
0013ff6c  0040cfe0 00000001 0013ff80 0013ffc0
0013ff7c  0040178e 00000001 00033368 00033398
0013ff8c  ccddc3a8 2968aae2 01dce1d5 7ffde000
0013ff9c  0013ffac 01dce1d5 00000000 0013ff8c
0013ffac  eeecede5 0013ffe0 00402320 cc8e8820
0013ffbc  00000000 0013fff0 7c817067 2968aae2
0013ffcc  01dce1d5 7ffde000 805512fa 0013ffc8
0013ffdc  89ff3020 ffffffff 7c839ac0 7c817070
0013ffec  00000000 00000000 00000000 004017e5
0013fffc  00000000 78746341 00000020 00000001
0014000c  00002498 000000c4 00000000 00000020
0014001c  00000000 00000014 00000001 00000006
0014002c  00000034 00000114 00000001 00000000
0014003c  00000000 00000000 00000000 00000000
0014004c  00000002 00000000 00000000 00000000
0014005c  00000214 0000019c 00000000 2d59495b
0014006c  000003b0 00000032 000003e4 000002d2
0013fe98  0013ff54 00000001 0040525d 000320fc
0013fea8  0013fee8 00401ffc 00000001 00401ff3
0013feb8  ccddc280 0000002c 0040c120 00000000
0013fec8  00000000 0000002c 0013feb8 00000000
0013fed8  0013ff54 00402320 cc8e8800 fffffffe
0013fee8  00401ff3 004011c6 00000001 77dfb388
0013fef8  77dfb394 00154ad0 00154ab0 00000000
0013ff08  00000000 0040cfe0 00000020 00000000
0013ff18  0013ff5c 77dfb401 e34f518c 00000020
0013ff28  0040cfe0 2968aae2 01dce1d5 7ffde000
0013ff38  00000000 0015aee0 00000001 0013ff2c
0013ff48  00000000 0013ffb0 77df1758 77dfb420
0013ff58  00000000 0013ff78 004010b7 0015aee0
0013ff68  00000020 0040cfe0 00000001 0013ff80
0013ff78  0013ffc0 0040178e 00000001 00033368
0013ff88  00033398 ccddc3a8 2968aae2 01dce1d5
0013ff98  7ffde000 0013ffac 01dce1d5 00000000
0013ffa8  0013ff8c eeecede5 0013ffe0 00402320
0013ffb8  cc8e8820 00000000 0013fff0 7c817067
0013ffc8  2968aae2 01dce1d5 7ffde000 805512fa
0013ffd8  0013ffc8 89ff3020 ffffffff 7c839ac0
0013ffe8  7c817070 00000000 00000000 00000000
0013fff8  004017e5 00000000 78746341 00000020
00140008  00000001 00002498 000000c4 00000000
00140018  00000020 00000000 00000014 00000001
00140028  00000006 00000034 00000114 00000001
00140038  00000000 00000000 00000000 00000000
00140048  00000000 00000002 00000000 00000000
00140058  00000000 00000214 0000019c 00000000
00140068  2d59495b 000003b0 00000032 000003e4
00140078  000002d2 00000000 830202e4 000006b8
00140088  00000046 00000700 000002ea 00000000
68031958  68 1a 93 e4 4a 03 bf f5-b1 b0 b0 69 9b 05 99 53  h...J......i...S
68031968  4a e8 f2 65 f3 fd 81 38-f9 ae f8 48 ed 91 ed 37  J..e...8...H...7
68031978  84 a1 25 97 43 cf d2 07-5a 9d 13 e5 ee a7 f9 59  ..%.C...Z......Y
68031988  0d 0d 86 ab c8 ac a7 e8-ca 52 40 be 00 00 00 00  .........R@.....
[V29_PROVIDER_AUX_BEFORE_SYSTEMFUNCTION036_6800D693]
eax=00000020 ebx=00000000 ecx=00154ab0 edx=0040d138 esi=00000000 edi=00000014
eip=6800d693 esp=0013fe98 ebp=0013fef4 iopl=0         nv up ei pl nz ac pe nc
cs=001b  ss=0023  ds=0023  es=0023  fs=003b  gs=0000             efl=00000216
 # ChildEBP RetAddr      Args to Child
WARNING: Frame IP not in any known module. Following frames may be wrong.
00 0013fef4 6800d7da     00154ad0 00154ab0 00000000 0x6800d693
01 0013ff18 77dfb401     e34f518c 00000020 0040cfe0 0x6800d7da
02 0013ff5c 004010b7     0015aee0 00000020 0040cfe0 0x77dfb401
03 0013ff78 0040178e     00000001 00033368 00033398 0x4010b7
04 0013ffc0 7c817067     2968aae2 01dce1d5 7ffde000 0x40178e
05 0013fff0 00000000     004017e5 00000000 78746341 0x7c817067
0013fe98  00000000 0015aee0 7ffde000 00000000
0013fea8  00000000 0040cfe0 00000020 00401ff3
0013feb8  ccddc280 0000002c 0040c120 00000000
0013fec8  00000000 0000002c 0013feb8 00000000
0013fed8  0013ff54 00402320 cc8e8800 fffffffe
0013fee8  00401ff3 004011c6 0000de3a 0013ff18
0013fef8  6800d7da 00154ad0 00154ab0 00000000
0013ff08  00000000 0040cfe0 00000020 00000000
0013ff18  0013ff5c 77dfb401 e34f518c 00000020
0013ff28  0040cfe0 2968aae2 01dce1d5 7ffde000
0013ff38  00000000 0015aee0 00000001 0013ff2c
0013ff48  00000000 0013ffb0 77df1758 77dfb420
0013ff58  00000000 0013ff78 004010b7 0015aee0
0013ff68  00000020 0040cfe0 00000001 0013ff80
0013ff78  0013ffc0 0040178e 00000001 00033368
0013ff88  00033398 ccddc3a8 2968aae2 01dce1d5
0013feb4  00401ff3 ccddc280 0000002c 0040c120
0013fec4  00000000 00000000 0000002c 0013feb8
0013fed4  00000000 0013ff54 00402320 cc8e8800
0013fee4  fffffffe 00401ff3 004011c6 0000de3a
0013fef4  0013ff18 6800d7da 00154ad0 00154ab0
0013ff04  00000000 00000000 0040cfe0 00000020
0013ff14  00000000 0013ff5c 77dfb401 e34f518c
0013ff24  00000020 0040cfe0 2968aae2 01dce1d5
0013ff34  7ffde000 00000000 0015aee0 00000001
0013ff44  0013ff2c 00000000 0013ffb0 77df1758
0013ff54  77dfb420 00000000 0013ff78 004010b7
0013ff64  0015aee0 00000020 0040cfe0 00000001
0013ff74  0013ff80 0013ffc0 0040178e 00000001
0013ff84  00033368 00033398 ccddc3a8 2968aae2
0013ff94  01dce1d5 7ffde000 0013ffac 01dce1d5
0013ffa4  00000000 0013ff8c eeecede5 0013ffe0
aux_dst=0013fedc outbuf=0040cfe0 len=00000020 ret=6800d7da
0013fedc  20 23 40 00 00 88 8e cc-fe ff ff ff f3 1f 40 00   #@...........@.
0013feec  c6 11 40 00 3a de 00 00-18 ff 13 00 da d7 00 68  ..@.:..........h
0040cfe0  00 00 00 00 00 00 00 00-00 00 00 00 00 00 00 00  ................
0040cff0  00 00 00 00 00 00 00 00-00 00 00 00 00 00 00 00  ................
68031958  68 1a 93 e4 4a 03 bf f5-b1 b0 b0 69 9b 05 99 53  h...J......i...S
68031968  4a e8 f2 65 f3 fd 81 38-f9 ae f8 48 ed 91 ed 37  J..e...8...H...7
68031978  84 a1 25 97 43 cf d2 07-5a 9d 13 e5 ee a7 f9 59  ..%.C...Z......Y
68031988  0d 0d 86 ab c8 ac a7 e8-ca 52 40 be 00 00 00 00  .........R@.....
[V29_PROVIDER_AUX_AFTER_SYSTEMFUNCTION036_6800D69E]
eax=00000001 ebx=00000000 ecx=00003e9e edx=0015be7c esi=00000000 edi=00000014
eip=6800d69e esp=0013fe98 ebp=0013fef4 iopl=0         nv up ei pl zr na pe nc
cs=001b  ss=0023  ds=0023  es=0023  fs=003b  gs=0000             efl=00000246
 # ChildEBP RetAddr      Args to Child
WARNING: Frame IP not in any known module. Following frames may be wrong.
00 0013fef4 6800d7da     00154ad0 00154ab0 00000000 0x6800d69e
01 0013ff18 77dfb401     e34f518c 00000020 0040cfe0 0x6800d7da
02 0013ff5c 004010b7     0015aee0 00000020 0040cfe0 0x77dfb401
03 0013ff78 0040178e     00000001 00033368 00033398 0x4010b7
04 0013ffc0 7c817067     2968aae2 01dce1d5 7ffde000 0x40178e
05 0013fff0 00000000     004017e5 00000000 78746341 0x7c817067
0013fe98  00000000 0015aee0 7ffde000 00000000
0013fea8  00000000 0040cfe0 00000020 00401ff3
0013feb8  ccddc280 0000002c 0040c120 00000000
0013fec8  00000000 0000002c 0013feb8 00000000
0013fed8  0013ff54 83629883 13518970 6a3e7377
0013fee8  1d21b42b 996054c7 0000de3a 0013ff18
0013fef8  6800d7da 00154ad0 00154ab0 00000000
0013ff08  00000000 0040cfe0 00000020 00000000
0013ff18  0013ff5c 77dfb401 e34f518c 00000020
0013ff28  0040cfe0 2968aae2 01dce1d5 7ffde000
0013ff38  00000000 0015aee0 00000001 0013ff2c
0013ff48  00000000 0013ffb0 77df1758 77dfb420
0013ff58  00000000 0013ff78 004010b7 0015aee0
0013ff68  00000020 0040cfe0 00000001 0013ff80
0013ff78  0013ffc0 0040178e 00000001 00033368
0013ff88  00033398 ccddc3a8 2968aae2 01dce1d5
0013feb4  00401ff3 ccddc280 0000002c 0040c120
0013fec4  00000000 00000000 0000002c 0013feb8
0013fed4  00000000 0013ff54 83629883 13518970
0013fee4  6a3e7377 1d21b42b 996054c7 0000de3a
0013fef4  0013ff18 6800d7da 00154ad0 00154ab0
0013ff04  00000000 00000000 0040cfe0 00000020
0013ff14  00000000 0013ff5c 77dfb401 e34f518c
0013ff24  00000020 0040cfe0 2968aae2 01dce1d5
0013ff34  7ffde000 00000000 0015aee0 00000001
0013ff44  0013ff2c 00000000 0013ffb0 77df1758
0013ff54  77dfb420 00000000 0013ff78 004010b7
0013ff64  0015aee0 00000020 0040cfe0 00000001
0013ff74  0013ff80 0013ffc0 0040178e 00000001
0013ff84  00033368 00033398 ccddc3a8 2968aae2
0013ff94  01dce1d5 7ffde000 0013ffac 01dce1d5
0013ffa4  00000000 0013ff8c eeecede5 0013ffe0
aux_dst=0013fedc outbuf=0040cfe0 len=00000020 ret=6800d7da
0013fedc  83 98 62 83 70 89 51 13-77 73 3e 6a 2b b4 21 1d  ..b.p.Q.ws>j+.!.
0013feec  c7 54 60 99 3a de 00 00-18 ff 13 00 da d7 00 68  .T`.:..........h
0040cfe0  00 00 00 00 00 00 00 00-00 00 00 00 00 00 00 00  ................
0040cff0  00 00 00 00 00 00 00 00-00 00 00 00 00 00 00 00  ................
68031958  68 1a 93 e4 4a 03 bf f5-b1 b0 b0 69 9b 05 99 53  h...J......i...S
68031968  4a e8 f2 65 f3 fd 81 38-f9 ae f8 48 ed 91 ed 37  J..e...8...H...7
68031978  84 a1 25 97 43 cf d2 07-5a 9d 13 e5 ee a7 f9 59  ..%.C...Z......Y
68031988  0d 0d 86 ab c8 ac a7 e8-ca 52 40 be 00 00 00 00  .........R@.....
[V29_PROVIDER_FIPS_ENTRY_68027101]
eax=0013fedc ebx=00000001 ecx=0000de3a edx=6803196c esi=002cd104 edi=00000014
eip=68027101 esp=0013fe84 ebp=0013fef4 iopl=0         nv up ei pl nz na po nc
cs=001b  ss=0023  ds=0023  es=0023  fs=003b  gs=0000             efl=00000202
 # ChildEBP RetAddr      Args to Child
WARNING: Frame IP not in any known module. Following frames may be wrong.
00 0013fe80 6800d6fb     68031958 0013fedc 0013feb4 0x68027101
01 0013fef4 6800d7da     00154ad0 00154ab0 00000000 0x6800d6fb
02 0013ff18 77dfb401     e34f518c 00000020 0040cfe0 0x6800d7da
03 0013ff5c 004010b7     0015aee0 00000020 0040cfe0 0x77dfb401
04 0013ff78 0040178e     00000001 00033368 00033398 0x4010b7
05 0013ffc0 7c817067     2968aae2 01dce1d5 7ffde000 0x40178e
06 0013fff0 00000000     004017e5 00000000 78746341 0x7c817067
0013fe84  6800d6fb 68031958 0013fedc 0013feb4
0013fe94  00000014 00000000 0015aee0 7ffde000
0013fea4  00000000 00000000 0040cfe0 00000020
0013feb4  00401ff3 ccddc280 0000002c 0040c120
0013fec4  00000000 00000000 0000002c 0013feb8
0013fed4  00000000 0013ff54 83629883 13518970
0013fee4  6a3e7377 1d21b42b 996054c7 0000de3a
0013fef4  0013ff18 6800d7da 00154ad0 00154ab0
0013ff04  00000000 00000000 0040cfe0 00000020
0013ff14  00000000 0013ff5c 77dfb401 e34f518c
0013ff24  00000020 0040cfe0 2968aae2 01dce1d5
0013ff34  7ffde000 00000000 0015aee0 00000001
0013ff44  0013ff2c 00000000 0013ffb0 77df1758
0013ff54  77dfb420 00000000 0013ff78 004010b7
0013ff64  0015aee0 00000020 0040cfe0 00000001
0013ff74  0013ff80 0013ffc0 0040178e 00000001
0013fe74  8ce7bf91 8fa88760 ff89f905 032635c9
0013fe84  6800d6fb 68031958 0013fedc 0013feb4
0013fe94  00000014 00000000 0015aee0 7ffde000
0013fea4  00000000 00000000 0040cfe0 00000020
0013feb4  00401ff3 ccddc280 0000002c 0040c120
0013fec4  00000000 00000000 0000002c 0013feb8
0013fed4  00000000 0013ff54 83629883 13518970
0013fee4  6a3e7377 1d21b42b 996054c7 0000de3a
0013fef4  0013ff18 6800d7da 00154ad0 00154ab0
0013ff04  00000000 00000000 0040cfe0 00000020
0013ff14  00000000 0013ff5c 77dfb401 e34f518c
0013ff24  00000020 0040cfe0 2968aae2 01dce1d5
0013ff34  7ffde000 00000000 0015aee0 00000001
0013ff44  0013ff2c 00000000 0013ffb0 77df1758
0013ff54  77dfb420 00000000 0013ff78 004010b7
0013ff64  0015aee0 00000020 0040cfe0 00000001
0013ff74  0013ff80 0013ffc0 0040178e 00000001
0013ff84  00033368 00033398 ccddc3a8 2968aae2
0013ff94  01dce1d5 7ffde000 0013ffac 01dce1d5
0013ffa4  00000000 0013ff8c eeecede5 0013ffe0
0013ffb4  00402320 cc8e8820 00000000 0013fff0
0013ffc4  7c817067 2968aae2 01dce1d5 7ffde000
0013ffd4  805512fa 0013ffc8 89ff3020 ffffffff
0013ffe4  7c839ac0 7c817070 00000000 00000000
0013fff4  00000000 004017e5 00000000 78746341
00140004  00000020 00000001 00002498 000000c4
00140014  00000000 00000020 00000000 00000014
00140024  00000001 00000006 00000034 00000114
00140034  00000001 00000000 00000000 00000000
00140044  00000000 00000000 00000002 00000000
00140054  00000000 00000000 00000214 0000019c
00140064  00000000 2d59495b 000003b0 00000032
state=68031958 aux=0013fedc out=0013feb4 len_or_flags=00000014 ret=6800d6fb
68031958  68 1a 93 e4 4a 03 bf f5-b1 b0 b0 69 9b 05 99 53  h...J......i...S
68031968  4a e8 f2 65 91 bf e7 8c-60 87 a8 8f 05 f9 89 ff  J..e....`.......
68031978  c9 35 26 03 26 d7 6e d1-5a 9d 13 e5 ee a7 f9 59  .5&.&.n.Z......Y
68031988  0d 0d 86 ab c8 ac a7 e8-ca 52 40 be 00 00 00 00  .........R@.....
0013fedc  83 98 62 83 70 89 51 13-77 73 3e 6a 2b b4 21 1d  ..b.p.Q.ws>j+.!.
0013feec  c7 54 60 99 3a de 00 00-18 ff 13 00 da d7 00 68  .T`.:..........h
0013feb4  f3 1f 40 00 80 c2 dd cc-2c 00 00 00 20 c1 40 00  ..@.....,... .@.
0013fec4  00 00 00 00 00 00 00 00-2c 00 00 00 b8 fe 13 00  ........,.......
0013fed4  00 00 00 00 54 ff 13 00-83 98 62 83 70 89 51 13  ....T.....b.p.Q.
0013fee4  77 73 3e 6a 2b b4 21 1d-c7 54 60 99 3a de 00 00  ws>j+.!..T`.:...
68031958  68 1a 93 e4 4a 03 bf f5-b1 b0 b0 69 9b 05 99 53  h...J......i...S
68031968  4a e8 f2 65 91 bf e7 8c-60 87 a8 8f 05 f9 89 ff  J..e....`.......
68031978  c9 35 26 03 26 d7 6e d1-5a 9d 13 e5 ee a7 f9 59  .5&.&.n.Z......Y
68031988  0d 0d 86 ab c8 ac a7 e8-ca 52 40 be 00 00 00 00  .........R@.....
[V29_PROVIDER_FIPS_RETURN_6800D6FB]
eax=00130000 ebx=00000001 ecx=0000de3a edx=00000014 esi=002cd104 edi=00000014
eip=6800d6fb esp=0013fe98 ebp=0013fef4 iopl=0         nv up ei pl zr na pe nc
cs=001b  ss=0023  ds=0023  es=0023  fs=003b  gs=0000             efl=00000246
 # ChildEBP RetAddr      Args to Child
WARNING: Frame IP not in any known module. Following frames may be wrong.
00 0013fef4 6800d7da     00154ad0 00154ab0 00000000 0x6800d6fb
01 0013ff18 77dfb401     e34f518c 00000020 0040cfe0 0x6800d7da
02 0013ff5c 004010b7     0015aee0 00000020 0040cfe0 0x77dfb401
03 0013ff78 0040178e     00000001 00033368 00033398 0x4010b7
04 0013ffc0 7c817067     2968aae2 01dce1d5 7ffde000 0x40178e
05 0013fff0 00000000     004017e5 00000000 78746341 0x7c817067
0013fe98  00000000 0015aee0 7ffde000 00000000
0013fea8  00000000 0040cfe0 00000020 76529226
0013feb8  1626495b bb8c6e7c 6b6e1058 d3153bfb
0013fec8  260b5c1e bf3e6749 02f5de15 97c08a7a
0013fed8  6cd32b5a 83629883 13518970 6a3e7377
0013fee8  1d21b42b 996054c7 0000de3a 0013ff18
0013fef8  6800d7da 00154ad0 00154ab0 00000000
0013ff08  00000000 0040cfe0 00000020 00000000
0013ff18  0013ff5c 77dfb401 e34f518c 00000020
0013ff28  0040cfe0 2968aae2 01dce1d5 7ffde000
0013ff38  00000000 0015aee0 00000001 0013ff2c
0013ff48  00000000 0013ffb0 77df1758 77dfb420
0013ff58  00000000 0013ff78 004010b7 0015aee0
0013ff68  00000020 0040cfe0 00000001 0013ff80
0013ff78  0013ffc0 0040178e 00000001 00033368
0013ff88  00033398 ccddc3a8 2968aae2 01dce1d5
0013fe74  00000000 00000000 0000de3a 0013fef4
0013fe84  6800d6fb 68031958 0013fedc 0013feb4
0013fe94  00000014 00000000 0015aee0 7ffde000
0013fea4  00000000 00000000 0040cfe0 00000020
0013feb4  76529226 1626495b bb8c6e7c 6b6e1058
0013fec4  d3153bfb 260b5c1e bf3e6749 02f5de15
0013fed4  97c08a7a 6cd32b5a 83629883 13518970
0013fee4  6a3e7377 1d21b42b 996054c7 0000de3a
0013fef4  0013ff18 6800d7da 00154ad0 00154ab0
0013ff04  00000000 00000000 0040cfe0 00000020
0013ff14  00000000 0013ff5c 77dfb401 e34f518c
0013ff24  00000020 0040cfe0 2968aae2 01dce1d5
0013ff34  7ffde000 00000000 0015aee0 00000001
0013ff44  0013ff2c 00000000 0013ffb0 77df1758
0013ff54  77dfb420 00000000 0013ff78 004010b7
0013ff64  0015aee0 00000020 0040cfe0 00000001
0013ff74  0013ff80 0013ffc0 0040178e 00000001
0013ff84  00033368 00033398 ccddc3a8 2968aae2
0013ff94  01dce1d5 7ffde000 0013ffac 01dce1d5
0013ffa4  00000000 0013ff8c eeecede5 0013ffe0
0013ffb4  00402320 cc8e8820 00000000 0013fff0
0013ffc4  7c817067 2968aae2 01dce1d5 7ffde000
0013ffd4  805512fa 0013ffc8 89ff3020 ffffffff
0013ffe4  7c839ac0 7c817070 00000000 00000000
0013fff4  00000000 004017e5 00000000 78746341
00140004  00000020 00000001 00002498 000000c4
00140014  00000000 00000020 00000000 00000014
00140024  00000001 00000006 00000034 00000114
00140034  00000001 00000000 00000000 00000000
00140044  00000000 00000000 00000002 00000000
00140054  00000000 00000000 00000214 0000019c
00140064  00000000 2d59495b 000003b0 00000032
out=0013feb4 state=68031958 ret=6800d7da
0013feb4  26 92 52 76 5b 49 26 16-7c 6e 8c bb 58 10 6e 6b  &.Rv[I&.|n..X.nk
0013fec4  fb 3b 15 d3 1e 5c 0b 26-49 67 3e bf 15 de f5 02  .;...\.&Ig>.....
0013fed4  7a 8a c0 97 5a 2b d3 6c-83 98 62 83 70 89 51 13  z...Z+.l..b.p.Q.
0013fee4  77 73 3e 6a 2b b4 21 1d-c7 54 60 99 3a de 00 00  ws>j+.!..T`.:...
68031958  ad 08 f1 80 ee b4 24 cb-43 fe 32 27 6d a0 c8 56  ......$.C.2'm..V
68031968  a0 4f db a6 91 bf e7 8c-60 87 a8 8f 05 f9 89 ff  .O......`.......
68031978  c9 35 26 03 26 d7 6e d1-5a 9d 13 e5 ee a7 f9 59  .5&.&.n.Z......Y
68031988  0d 0d 86 ab c8 ac a7 e8-ca 52 40 be 00 00 00 00  .........R@.....
[V29_RUNTIME_RETURN_6800D7DA_AFTER_SUB_6800D640]
eax=00000000 ebx=7ffde000 ecx=0000de3a edx=68031980 esi=0015aee0 edi=00000000
eip=6800d7da esp=0013ff18 ebp=0013ff18 iopl=0         nv up ei pl zr na pe nc
cs=001b  ss=0023  ds=0023  es=0023  fs=003b  gs=0000             efl=00000246
 # ChildEBP RetAddr      Args to Child
WARNING: Frame IP not in any known module. Following frames may be wrong.
00 0013ff18 77dfb401     e34f518c 00000020 0040cfe0 0x6800d7da
01 0013ff5c 004010b7     0015aee0 00000020 0040cfe0 0x77dfb401
02 0013ff78 0040178e     00000001 00033368 00033398 0x4010b7
03 0013ffc0 7c817067     2968aae2 01dce1d5 7ffde000 0x40178e
04 0013fff0 00000000     004017e5 00000000 78746341 0x7c817067
0013ff18  0013ff5c 77dfb401 e34f518c 00000020
0013ff28  0040cfe0 2968aae2 01dce1d5 7ffde000
0013ff38  00000000 0015aee0 00000001 0013ff2c
0013ff48  00000000 0013ffb0 77df1758 77dfb420
0013ff58  00000000 0013ff78 004010b7 0015aee0
0013ff68  00000020 0040cfe0 00000001 0013ff80
0013ff78  0013ffc0 0040178e 00000001 00033368
0013ff88  00033398 ccddc3a8 2968aae2 01dce1d5
0013ff98  7ffde000 0013ffac 01dce1d5 00000000
0013ffa8  0013ff8c eeecede5 0013ffe0 00402320
0013ffb8  cc8e8820 00000000 0013fff0 7c817067
0013ffc8  2968aae2 01dce1d5 7ffde000 805512fa
0013ffd8  0013ffc8 89ff3020 ffffffff 7c839ac0
0013ffe8  7c817070 00000000 00000000 00000000
0013fff8  004017e5 00000000 78746341 00000020
00140008  00000001 00002498 000000c4 00000000
00140018  00000020 00000000 00000014 00000001
00140028  00000006 00000034 00000114 00000001
00140038  00000000 00000000 00000000 00000000
00140048  00000000 00000002 00000000 00000000
00140058  00000000 00000214 0000019c 00000000
00140068  2d59495b 000003b0 00000032 000003e4
00140078  000002d2 00000000 830202e4 000006b8
00140088  00000046 00000700 000002ea 00000000
00140098  d18cd5d2 000009ec 00000046 00000a34
001400a8  000002ea 00000000 d86aad2e 00000d20
001400b8  00000046 00000d68 00000304 00000010
001400c8  00000004 000000d4 00000002 00000001
001400d8  00000114 00000f8c 00000001 00000002
001400e8  000010a0 0000032c 00000001 00000004
001400f8  000013cc 00001050 00000002 00000006
00140108  0000241c 0000007c 00000002 64487353
0013fe98  00000000 0015aee0 6800d742 00000000
0013fea8  00000000 0040d000 00000000 76529226
0013feb8  1626495b bb8c6e7c 6b6e1058 d3153bfb
0013fec8  260b5c1e bf3e6749 02f5de15 97c08a7a
0013fed8  6cd32b5a 83629883 13518970 6a3e7377
0013fee8  1d21b42b 996054c7 0000de3a 0013ff18
0013fef8  6800d7da 00154ad0 00154ab0 00000000
0013ff08  00000000 0040cfe0 00000020 00000000
0013ff18  0013ff5c 77dfb401 e34f518c 00000020
0013ff28  0040cfe0 2968aae2 01dce1d5 7ffde000
0013ff38  00000000 0015aee0 00000001 0013ff2c
0013ff48  00000000 0013ffb0 77df1758 77dfb420
0013ff58  00000000 0013ff78 004010b7 0015aee0
0013ff68  00000020 0040cfe0 00000001 0013ff80
0013ff78  0013ffc0 0040178e 00000001 00033368
0013ff88  00033398 ccddc3a8 2968aae2 01dce1d5
0013ff98  7ffde000 0013ffac 01dce1d5 00000000
0013ffa8  0013ff8c eeecede5 0013ffe0 00402320
0013ffb8  cc8e8820 00000000 0013fff0 7c817067
0013ffc8  2968aae2 01dce1d5 7ffde000 805512fa
0013ffd8  0013ffc8 89ff3020 ffffffff 7c839ac0
0013ffe8  7c817070 00000000 00000000 00000000
0013fff8  004017e5 00000000 78746341 00000020
00140008  00000001 00002498 000000c4 00000000
00140018  00000020 00000000 00000014 00000001
00140028  00000006 00000034 00000114 00000001
00140038  00000000 00000000 00000000 00000000
00140048  00000000 00000002 00000000 00000000
00140058  00000000 00000214 0000019c 00000000
00140068  2d59495b 000003b0 00000032 000003e4
00140078  000002d2 00000000 830202e4 000006b8
00140088  00000046 00000700 000002ea 00000000
68031958  ad 08 f1 80 ee b4 24 cb-43 fe 32 27 6d a0 c8 56  ......$.C.2'm..V
68031968  a0 4f db a6 91 bf e7 8c-60 87 a8 8f 05 f9 89 ff  .O......`.......
68031978  c9 35 26 03 26 d7 6e d1-26 92 52 76 5b 49 26 16  .5&.&.n.&.Rv[I&.
68031988  7c 6e 8c bb 58 10 6e 6b-fb 3b 15 d3 00 00 00 00  |n..X.nk.;......
[V29_CGR_OUTPUT32]
eax=00000000 ebx=0040cfe0 ecx=0040135d edx=0040d138 esi=01dce1d5 edi=2968aae2
eip=00401187 esp=0013ff60 ebp=0013ff64 iopl=0         nv up ei pl nz ac po nc
cs=001b  ss=0023  ds=0023  es=0023  fs=003b  gs=0000             efl=00000212
0040cfe0  26 92 52 76 5b 49 26 16-7c 6e 8c bb 58 10 6e 6b  &.Rv[I&.|n..X.nk
0040cff0  fb 3b 15 d3 1e 5c 0b 26-49 67 3e bf 15 de f5 02  .;...\.&Ig>.....
